color black/cyan yellow/cyan
timeout 1
default 0

;title SqueakNOS 1024x768x32
;kernel (hd1,0)/Squeak/SqueakNOS.kernel
;module (hd1,0)/Squeak/SqueakNOS.image
;setvbe 1024x768x32
;boot

title ExampleNopsys 1024x768x32
kernel /nopsys.kernel
;module /SqueakNOS.image
;module /SqueakNOS.config
setvbe 1024x768x32
boot

title SqueakNOS 1024x768x32
kernel /SqueakNOS.kernel
module /SqueakNOS.image
module /SqueakNOS.config
setvbe 1024x768x32
boot

title SqueakNOS 1024x768x16
kernel /SqueakNOS.kernel
module /SqueakNOS.image
setvbe 1024x768x16
boot

title SqueakNOS 800x600x32
kernel /SqueakNOS.kernel
module /SqueakNOS.image
setvbe 800x600x32
boot

title SqueakNOS 800x600x16
kernel /SqueakNOS.kernel
module /SqueakNOS.image
setvbe 800x600x16
boot

